[2025-08-19 17:10:14] [INFO] Starting auto-commit process for bc-express
[2025-08-19 17:10:14] [INFO] Changes detected, proceeding with auto-commit
[2025-08-19 17:10:14] [SUCCESS] Auto-commit successful: docs(week11): add new documentation

- Modified files: 0
- Added files: 82

Auto-committed by bc-express automation
[2025-08-19 17:10:14] [INFO] Auto-commit process completed
[2025-08-19 17:15:00] [INFO] Starting auto-commit process for bc-express
[2025-08-19 17:15:00] [INFO] Starting auto-commit process for bc-express
[0;34mℹ️  Starting auto-commit process for bc-express[0m
[2025-08-19 17:15:00] [INFO] No changes detected, skipping commit
[2025-08-19 17:15:00] [INFO] No changes detected, skipping commit
[0;34mℹ️  No changes detected, skipping commit[0m
[2025-08-19 17:15:00] [INFO] Auto-commit process completed
[2025-08-19 17:15:00] [INFO] Auto-commit process completed
[0;34mℹ️  Auto-commit process completed[0m
[2025-08-19 17:20:00] [INFO] Starting auto-commit process for bc-express
[2025-08-19 17:20:00] [INFO] Starting auto-commit process for bc-express
[0;34mℹ️  Starting auto-commit process for bc-express[0m
[2025-08-19 17:20:00] [INFO] Changes detected, proceeding with auto-commit
[2025-08-19 17:20:00] [INFO] Changes detected, proceeding with auto-commit
[0;34mℹ️  Changes detected, proceeding with auto-commit[0m
